<?xml version="1.0" encoding="UTF-8"?>
<testsuite name="kirimatt.mapLock.mapLock.MapLockApplicationTests" tests="1" skipped="0" failures="0" errors="0" timestamp="2021-10-26T06:37:50" hostname="DESKTOP-S9JM86G" time="0.101">
  <properties/>
  <testcase name="contextLoads()" classname="kirimatt.mapLock.mapLock.MapLockApplicationTests" time="0.101"/>
  <system-out><![CDATA[12:37:47.616 [Test worker] DEBUG org.springframework.test.context.BootstrapUtils - Instantiating CacheAwareContextLoaderDelegate from class [org.springframework.test.context.cache.DefaultCacheAwareContextLoaderDelegate]
12:37:47.623 [Test worker] DEBUG org.springframework.test.context.BootstrapUtils - Instantiating BootstrapContext using constructor [public org.springframework.test.context.support.DefaultBootstrapContext(java.lang.Class,org.springframework.test.context.CacheAwareContextLoaderDelegate)]
12:37:47.643 [Test worker] DEBUG org.springframework.test.context.BootstrapUtils - Instantiating TestContextBootstrapper for test class [kirimatt.mapLock.mapLock.MapLockApplicationTests] from class [org.springframework.boot.test.context.SpringBootTestContextBootstrapper]
12:37:47.650 [Test worker] INFO org.springframework.boot.test.context.SpringBootTestContextBootstrapper - Neither @ContextConfiguration nor @ContextHierarchy found for test class [kirimatt.mapLock.mapLock.MapLockApplicationTests], using SpringBootContextLoader
12:37:47.652 [Test worker] DEBUG org.springframework.test.context.support.AbstractContextLoader - Did not detect default resource location for test class [kirimatt.mapLock.mapLock.MapLockApplicationTests]: class path resource [kirimatt/mapLock/mapLock/MapLockApplicationTests-context.xml] does not exist
12:37:47.652 [Test worker] DEBUG org.springframework.test.context.support.AbstractContextLoader - Did not detect default resource location for test class [kirimatt.mapLock.mapLock.MapLockApplicationTests]: class path resource [kirimatt/mapLock/mapLock/MapLockApplicationTestsContext.groovy] does not exist
12:37:47.652 [Test worker] INFO org.springframework.test.context.support.AbstractContextLoader - Could not detect default resource locations for test class [kirimatt.mapLock.mapLock.MapLockApplicationTests]: no resource found for suffixes {-context.xml, Context.groovy}.
12:37:47.653 [Test worker] INFO org.springframework.test.context.support.AnnotationConfigContextLoaderUtils - Could not detect default configuration classes for test class [kirimatt.mapLock.mapLock.MapLockApplicationTests]: MapLockApplicationTests does not declare any static, non-private, non-final, nested classes annotated with @Configuration.
12:37:47.676 [Test worker] DEBUG org.springframework.test.context.support.ActiveProfilesUtils - Could not find an 'annotation declaring class' for annotation type [org.springframework.test.context.ActiveProfiles] and class [kirimatt.mapLock.mapLock.MapLockApplicationTests]
12:37:47.710 [Test worker] DEBUG org.springframework.context.annotation.ClassPathScanningCandidateComponentProvider - Identified candidate component class: file [C:\Users\kirimatt\IdeaProjects\mapLock\build\classes\java\main\kirimatt\mapLock\mapLock\MapLockApplication.class]
12:37:47.714 [Test worker] INFO org.springframework.boot.test.context.SpringBootTestContextBootstrapper - Found @SpringBootConfiguration kirimatt.mapLock.mapLock.MapLockApplication for test class kirimatt.mapLock.mapLock.MapLockApplicationTests
12:37:47.769 [Test worker] DEBUG org.springframework.boot.test.context.SpringBootTestContextBootstrapper - @TestExecutionListeners is not present for class [kirimatt.mapLock.mapLock.MapLockApplicationTests]: using defaults.
12:37:47.770 [Test worker] INFO org.springframework.boot.test.context.SpringBootTestContextBootstrapper - Loaded default TestExecutionListener class names from location [META-INF/spring.factories]: [org.springframework.security.test.context.support.WithSecurityContextTestExecutionListener, org.springframework.security.test.context.support.ReactorContextTestExecutionListener, org.springframework.boot.test.autoconfigure.restdocs.RestDocsTestExecutionListener, org.springframework.boot.test.autoconfigure.web.client.MockRestServiceServerResetTestExecutionListener, org.springframework.boot.test.autoconfigure.web.servlet.MockMvcPrintOnlyOnFailureTestExecutionListener, org.springframework.boot.test.autoconfigure.web.servlet.WebDriverTestExecutionListener, org.springframework.boot.test.autoconfigure.webservices.client.MockWebServiceServerTestExecutionListener, org.springframework.boot.test.mock.mockito.MockitoTestExecutionListener, org.springframework.boot.test.mock.mockito.ResetMocksTestExecutionListener, org.springframework.test.context.web.ServletTestExecutionListener, org.springframework.test.context.support.DirtiesContextBeforeModesTestExecutionListener, org.springframework.test.context.event.ApplicationEventsTestExecutionListener, org.springframework.test.context.support.DependencyInjectionTestExecutionListener, org.springframework.test.context.support.DirtiesContextTestExecutionListener, org.springframework.test.context.transaction.TransactionalTestExecutionListener, org.springframework.test.context.jdbc.SqlScriptsTestExecutionListener, org.springframework.test.context.event.EventPublishingTestExecutionListener]
12:37:47.780 [Test worker] INFO org.springframework.boot.test.context.SpringBootTestContextBootstrapper - Using TestExecutionListeners: [org.springframework.test.context.web.ServletTestExecutionListener@48c35007, org.springframework.test.context.support.DirtiesContextBeforeModesTestExecutionListener@72a85671, org.springframework.test.context.event.ApplicationEventsTestExecutionListener@6722db6e, org.springframework.boot.test.mock.mockito.MockitoTestExecutionListener@18f20260, org.springframework.boot.test.autoconfigure.SpringBootDependencyInjectionTestExecutionListener@4ae33a11, org.springframework.test.context.support.DirtiesContextTestExecutionListener@7a48e6e2, org.springframework.test.context.transaction.TransactionalTestExecutionListener@b40bb6e, org.springframework.test.context.jdbc.SqlScriptsTestExecutionListener@3a94964, org.springframework.security.test.context.support.WithSecurityContextTestExecutionListener@5049d8b2, org.springframework.test.context.event.EventPublishingTestExecutionListener@6d0b5baf, org.springframework.security.test.context.support.ReactorContextTestExecutionListener@631e06ab, org.springframework.boot.test.autoconfigure.restdocs.RestDocsTestExecutionListener@2a3591c5, org.springframework.boot.test.autoconfigure.web.client.MockRestServiceServerResetTestExecutionListener@34a75079, org.springframework.boot.test.autoconfigure.web.servlet.MockMvcPrintOnlyOnFailureTestExecutionListener@346a361, org.springframework.boot.test.autoconfigure.web.servlet.WebDriverTestExecutionListener@107ed6fc, org.springframework.boot.test.autoconfigure.webservices.client.MockWebServiceServerTestExecutionListener@1643d68f, org.springframework.boot.test.mock.mockito.ResetMocksTestExecutionListener@186978a6]
12:37:47.782 [Test worker] DEBUG org.springframework.test.context.support.AbstractDirtiesContextTestExecutionListener - Before test class: context [DefaultTestContext@7813cb11 testClass = MapLockApplicationTests, testInstance = [null], testMethod = [null], testException = [null], mergedContextConfiguration = [WebMergedContextConfiguration@bcec031 testClass = MapLockApplicationTests, locations = '{}', classes = '{class kirimatt.mapLock.mapLock.MapLockApplication}', contextInitializerClasses = '[]', activeProfiles = '{}', propertySourceLocations = '{}', propertySourceProperties = '{org.springframework.boot.test.context.SpringBootTestContextBootstrapper=true}', contextCustomizers = set[org.springframework.boot.test.autoconfigure.actuate.metrics.MetricsExportContextCustomizerFactory$DisableMetricExportContextCustomizer@52c3cb31, org.springframework.boot.test.autoconfigure.properties.PropertyMappingContextCustomizer@0, org.springframework.boot.test.autoconfigure.web.servlet.WebDriverContextCustomizerFactory$Customizer@177bea38, org.springframework.boot.test.context.filter.ExcludeFilterContextCustomizer@8ad6665, org.springframework.boot.test.json.DuplicateJsonObjectContextCustomizerFactory$DuplicateJsonObjectContextCustomizer@68b32e3e, org.springframework.boot.test.mock.mockito.MockitoContextCustomizer@0, org.springframework.boot.test.web.client.TestRestTemplateContextCustomizer@4ce1d6d0, org.springframework.boot.test.context.SpringBootTestArgs@1, org.springframework.boot.test.context.SpringBootTestWebEnvironment@2df9b86], resourceBasePath = 'src/main/webapp', contextLoader = 'org.springframework.boot.test.context.SpringBootContextLoader', parent = [null]], attributes = map['org.springframework.test.context.web.ServletTestExecutionListener.activateListener' -> true]], class annotated with @DirtiesContext [false] with mode [null].
12:37:47.800 [Test worker] DEBUG org.springframework.test.context.support.TestPropertySourceUtils - Adding inlined properties to environment: {spring.jmx.enabled=false, org.springframework.boot.test.context.SpringBootTestContextBootstrapper=true}

  .   ____          _            __ _ _
 /\\ / ___'_ __ _ _(_)_ __  __ _ \ \ \ \
( ( )\___ | '_ | '_| | '_ \/ _` | \ \ \ \
 \\/  ___)| |_)| | | | | || (_| |  ) ) ) )
  '  |____| .__|_| |_|_| |_\__, | / / / /
 =========|_|==============|___/=/_/_/_/
 :: Spring Boot ::                (v2.5.5)

2021-10-26 12:37:47.951  INFO 15880 --- [    Test worker] k.m.mapLock.MapLockApplicationTests      : Starting MapLockApplicationTests using Java 16.0.2 on DESKTOP-S9JM86G with PID 15880 (started by kirimatt in C:\Users\kirimatt\IdeaProjects\mapLock)
2021-10-26 12:37:47.953  INFO 15880 --- [    Test worker] k.m.mapLock.MapLockApplicationTests      : No active profile set, falling back to default profiles: default
2021-10-26 12:37:48.398  INFO 15880 --- [    Test worker] .s.d.r.c.RepositoryConfigurationDelegate : Bootstrapping Spring Data JPA repositories in DEFAULT mode.
2021-10-26 12:37:48.436  INFO 15880 --- [    Test worker] .s.d.r.c.RepositoryConfigurationDelegate : Finished Spring Data repository scanning in 33 ms. Found 1 JPA repository interfaces.
2021-10-26 12:37:48.699  INFO 15880 --- [    Test worker] trationDelegate$BeanPostProcessorChecker : Bean 'org.springframework.security.access.expression.method.DefaultMethodSecurityExpressionHandler@63f9b562' of type [org.springframework.security.access.expression.method.DefaultMethodSecurityExpressionHandler] is not eligible for getting processed by all BeanPostProcessors (for example: not eligible for auto-proxying)
2021-10-26 12:37:48.708  INFO 15880 --- [    Test worker] trationDelegate$BeanPostProcessorChecker : Bean 'methodSecurityMetadataSource' of type [org.springframework.security.access.method.DelegatingMethodSecurityMetadataSource] is not eligible for getting processed by all BeanPostProcessors (for example: not eligible for auto-proxying)
2021-10-26 12:37:48.836  INFO 15880 --- [    Test worker] com.zaxxer.hikari.HikariDataSource       : HikariPool-1 - Starting...
2021-10-26 12:37:48.901  INFO 15880 --- [    Test worker] com.zaxxer.hikari.pool.PoolBase          : HikariPool-1 - Driver does not support get/set network timeout for connections. (Метод org.postgresql.jdbc.PgConnection.getNetworkTimeout() ещё не реализован)
2021-10-26 12:37:48.911  INFO 15880 --- [    Test worker] com.zaxxer.hikari.HikariDataSource       : HikariPool-1 - Start completed.
2021-10-26 12:37:48.955  INFO 15880 --- [    Test worker] o.hibernate.jpa.internal.util.LogHelper  : HHH000204: Processing PersistenceUnitInfo [name: default]
2021-10-26 12:37:48.989  INFO 15880 --- [    Test worker] org.hibernate.Version                    : HHH000412: Hibernate ORM core version 5.4.32.Final
2021-10-26 12:37:49.087  INFO 15880 --- [    Test worker] o.hibernate.annotations.common.Version   : HCANN000001: Hibernate Commons Annotations {5.1.2.Final}
2021-10-26 12:37:49.178  INFO 15880 --- [    Test worker] org.hibernate.dialect.Dialect            : HHH000400: Using dialect: org.hibernate.dialect.PostgreSQL10Dialect
2021-10-26 12:37:49.546  INFO 15880 --- [    Test worker] o.h.e.t.j.p.i.JtaPlatformInitiator       : HHH000490: Using JtaPlatform implementation: [org.hibernate.engine.transaction.jta.platform.internal.NoJtaPlatform]
2021-10-26 12:37:49.551  INFO 15880 --- [    Test worker] j.LocalContainerEntityManagerFactoryBean : Initialized JPA EntityManagerFactory for persistence unit 'default'
2021-10-26 12:37:49.836  WARN 15880 --- [    Test worker] JpaBaseConfiguration$JpaWebConfiguration : spring.jpa.open-in-view is enabled by default. Therefore, database queries may be performed during view rendering. Explicitly configure spring.jpa.open-in-view to disable this warning
2021-10-26 12:37:50.080  INFO 15880 --- [    Test worker] o.s.s.web.DefaultSecurityFilterChain     : Will secure any request with [org.springframework.security.web.context.request.async.WebAsyncManagerIntegrationFilter@c4ca86a, org.springframework.security.web.context.SecurityContextPersistenceFilter@796613b7, org.springframework.security.web.header.HeaderWriterFilter@166a5659, org.springframework.security.web.authentication.logout.LogoutFilter@3fb0d9de, kirimatt.mapLock.mapLock.security.JwtTokenFilter@2f2f92f, org.springframework.security.web.savedrequest.RequestCacheAwareFilter@34c07ecc, org.springframework.security.web.servletapi.SecurityContextHolderAwareRequestFilter@29b0c169, org.springframework.security.web.authentication.AnonymousAuthenticationFilter@7e741d6b, org.springframework.security.web.session.SessionManagementFilter@22ea6051, org.springframework.security.web.access.ExceptionTranslationFilter@219a2203, org.springframework.security.web.access.intercept.FilterSecurityInterceptor@38394e76]
2021-10-26 12:37:50.430  INFO 15880 --- [    Test worker] o.s.b.a.w.s.WelcomePageHandlerMapping    : Adding welcome page: class path resource [static/index.html]
2021-10-26 12:37:50.701  INFO 15880 --- [    Test worker] k.m.mapLock.MapLockApplicationTests      : Started MapLockApplicationTests in 2.897 seconds (JVM running for 4.445)
]]></system-out>
  <system-err><![CDATA[]]></system-err>
</testsuite>
